app/build/intermediates/manifest_merge_blame_file/release/manifest-merger-blame-release-report.txt
1<?xml version="1.0" encoding="utf-8"?>
2<manifest xmlns:android="http://schemas.android.com/apk/res/android"
3    package="com.biblestory.color"
4    android:versionCode="1"
5    android:versionName="1.1" >
6
7    <uses-sdk
8        android:minSdkVersion="15"
8-->src\main\AndroidManifest.xml
9        android:targetSdkVersion="30" />
9-->src\main\AndroidManifest.xml
10
11    <uses-permission android:name="android.permission.WRITE_EXTERNAL_STORAGE" />
11-->src\main\AndroidManifest.xml:6:5-81
11-->src\main\AndroidManifest.xml:6:22-78
12    <uses-permission android:name="android.permission.INTERNET" />
12-->src\main\AndroidManifest.xml:7:5-67
12-->src\main\AndroidManifest.xml:7:22-64
13    <uses-permission android:name="android.permission.ACCESS_NETWORK_STATE" />
13-->src\main\AndroidManifest.xml:8:5-79
13-->src\main\AndroidManifest.xml:8:22-76
14    <uses-permission android:name="android.permission.ACCESS_WIFI_STATE" />
14-->src\main\AndroidManifest.xml:9:5-76
14-->src\main\AndroidManifest.xml:9:22-73
15    <uses-permission android:name="android.permission.SYSTEM_ALERT_WINDOW" />
15-->src\main\AndroidManifest.xml:10:5-78
15-->src\main\AndroidManifest.xml:10:22-75
16
17    <application
17-->src\main\AndroidManifest.xml:13:5-77:19
18        android:name="com.application.AdApplication"
18-->src\main\AndroidManifest.xml:20:9-53
19        android:allowBackup="true"
19-->src\main\AndroidManifest.xml:21:9-35
20        android:appComponentFactory="androidx.core.app.CoreComponentFactory"
20-->[androidx.core:core:1.3.0] AndroidManifest.xml:24:18-86
21        android:hardwareAccelerated="true"
21-->src\main\AndroidManifest.xml:22:9-43
22        android:icon="@mipmap/ic_launcher"
22-->src\main\AndroidManifest.xml:15:9-43
23        android:label="@string/app_name"
23-->src\main\AndroidManifest.xml:16:9-41
24        android:supportsRtl="true"
24-->src\main\AndroidManifest.xml:18:9-35
25        android:theme="@style/AppTheme" >
25-->src\main\AndroidManifest.xml:19:9-40
26        <meta-data
26-->src\main\AndroidManifest.xml:23:9-25:69
27            android:name="com.google.android.gms.version"
27-->src\main\AndroidManifest.xml:24:13-58
28            android:value="@integer/google_play_services_version" />
28-->src\main\AndroidManifest.xml:25:13-66
29
30        <activity
30-->src\main\AndroidManifest.xml:27:9-35:20
31            android:name="com.biblestory.color.SplashActivity"
31-->src\main\AndroidManifest.xml:28:13-63
32            android:screenOrientation="sensorPortrait" >
32-->src\main\AndroidManifest.xml:29:13-55
33            <intent-filter>
33-->src\main\AndroidManifest.xml:30:13-34:29
34                <action android:name="android.intent.action.MAIN" />
34-->src\main\AndroidManifest.xml:31:17-69
34-->src\main\AndroidManifest.xml:31:25-66
35
36                <category android:name="android.intent.category.LAUNCHER" />
36-->src\main\AndroidManifest.xml:33:17-77
36-->src\main\AndroidManifest.xml:33:27-74
37            </intent-filter>
38        </activity>
39        <activity
39-->src\main\AndroidManifest.xml:36:9-40:58
40            android:name="com.biblestory.color.SketchActivity"
40-->src\main\AndroidManifest.xml:37:13-63
41            android:exported="true"
41-->src\main\AndroidManifest.xml:38:13-36
42            android:label="@string/app_name"
42-->src\main\AndroidManifest.xml:39:13-45
43            android:screenOrientation="sensorPortrait" />
43-->src\main\AndroidManifest.xml:40:13-55
44
45        <service
45-->src\main\AndroidManifest.xml:42:9-44:38
46            android:name="com.biblestory.color.MusicService"
46-->src\main\AndroidManifest.xml:43:13-61
47            android:enabled="true" />
47-->src\main\AndroidManifest.xml:44:13-35
48
49        <activity
49-->src\main\AndroidManifest.xml:46:9-49:58
50            android:name="com.biblestory.color.SelectDrawingActivity"
50-->src\main\AndroidManifest.xml:47:13-70
51            android:exported="true"
51-->src\main\AndroidManifest.xml:48:13-36
52            android:screenOrientation="sensorPortrait" />
52-->src\main\AndroidManifest.xml:49:13-55
53        <activity
53-->src\main\AndroidManifest.xml:50:9-52:58
54            android:name="com.biblestory.color.HomeActivity"
54-->src\main\AndroidManifest.xml:51:13-61
55            android:screenOrientation="sensorPortrait" />
55-->src\main\AndroidManifest.xml:52:13-55
56        <activity android:name="com.biblestory.color.CategoriAsset" />
56-->src\main\AndroidManifest.xml:53:9-70
56-->src\main\AndroidManifest.xml:53:19-68
57
58        <provider
58-->src\main\AndroidManifest.xml:55:9-63:20
59            android:name="androidx.core.content.FileProvider"
59-->src\main\AndroidManifest.xml:56:13-62
60            android:authorities="com.biblestory.color"
60-->src\main\AndroidManifest.xml:57:13-55
61            android:exported="false"
61-->src\main\AndroidManifest.xml:58:13-37
62            android:grantUriPermissions="true" >
62-->src\main\AndroidManifest.xml:59:13-47
63            <meta-data
63-->src\main\AndroidManifest.xml:60:13-62:54
64                android:name="android.support.FILE_PROVIDER_PATHS"
64-->src\main\AndroidManifest.xml:61:17-67
65                android:resource="@xml/file_paths" />
65-->src\main\AndroidManifest.xml:62:17-51
66        </provider>
67
68        <activity android:name="com.biblestory.color.AppBaseActivity" />
68-->src\main\AndroidManifest.xml:65:9-73
68-->src\main\AndroidManifest.xml:65:19-70
69        <activity
69-->src\main\AndroidManifest.xml:66:9-69:58
70            android:name="com.biblestory.color.MyArtworksActivity"
70-->src\main\AndroidManifest.xml:67:13-67
71            android:exported="true"
71-->src\main\AndroidManifest.xml:68:13-36
72            android:screenOrientation="sensorPortrait" />
72-->src\main\AndroidManifest.xml:69:13-55
73
74        <!-- Include the AdActivity and InAppPurchaseActivity configChanges and themes. -->
75        <activity
75-->[com.google.android.gms:play-services-ads-lite:15.0.1] AndroidManifest.xml:29:9-33:64
76            android:name="com.google.android.gms.ads.AdActivity"
76-->[com.google.android.gms:play-services-ads-lite:15.0.1] AndroidManifest.xml:30:13-65
77            android:configChanges="keyboard|keyboardHidden|orientation|screenLayout|uiMode|screenSize|smallestScreenSize"
77-->[com.google.android.gms:play-services-ads-lite:15.0.1] AndroidManifest.xml:31:13-122
78            android:exported="false"
78-->[com.google.android.gms:play-services-ads-lite:15.0.1] AndroidManifest.xml:32:13-37
79            android:theme="@android:style/Theme.Translucent" />
79-->[com.google.android.gms:play-services-ads-lite:15.0.1] AndroidManifest.xml:33:13-61
80    </application>
81
82</manifest>